<?xml version="1.0" encoding="UTF-8"?>
<!-- Generated by org.testng.reporters.JUnitReportReporter -->
<<<<<<< Updated upstream
<testsuite hostname="JAMOCHA30" failures="0" tests="1" name="test.WorkProfilesExcelValidation" time="14.441" errors="0" timestamp="2024-01-04T17:41:43 IST" skipped="0">
  <testcase classname="test.WorkProfilesExcelValidation" name="cloneOnWorkProfiles" time="14.441"/>
=======
<testsuite hostname="JAMOCHA46" failures="0" tests="1" name="test.WorkProfilesExcelValidation" time="21.249" errors="0" timestamp="2024-01-08T17:50:59 IST" skipped="0">
  <testcase classname="test.WorkProfilesExcelValidation" name="cloneOnWorkProfiles" time="21.249"/>
>>>>>>> Stashed changes
  <system-out/>
</testsuite> <!-- test.WorkProfilesExcelValidation -->
