<?xml version="1.0" encoding="UTF-8"?>
<!-- Generated by org.testng.reporters.JUnitReportReporter -->
<testsuite hostname="JAMOCHA30" failures="0" tests="1" name="UserRoles.UserRolesBulkUpdate" time="30.855" errors="0" timestamp="2024-01-30T11:38:00 IST" skipped="0">
  <testcase classname="UserRoles.UserRolesBulkUpdate" name="userRolesBulkUpdate" time="30.855"/>
  <system-out/>
</testsuite> <!-- UserRoles.UserRolesBulkUpdate -->
