<?xml version="1.0" encoding="UTF-8"?>
<!-- Generated by org.testng.reporters.JUnitReportReporter -->
<testsuite hostname="JAMOCHA30" failures="0" tests="1" name="test.WorkProfile.WorkProfilesDeleteWithDependency" time="11.216" errors="0" timestamp="2024-01-09T13:41:37 IST" skipped="0">
  <testcase classname="test.WorkProfile.WorkProfilesDeleteWithDependency" name="cloneOnWorkProfiles" time="11.216"/>
  <system-out/>
</testsuite> <!-- test.WorkProfile.WorkProfilesDeleteWithDependency -->
