<?xml version="1.0" encoding="UTF-8"?>
<!-- Generated by org.testng.reporters.JUnitReportReporter -->
<<<<<<< Updated upstream
<testsuite hostname="JAMOCHA30" failures="0" tests="1" name="test.WorkProfileValidateWithTeams" time="12.523" errors="0" timestamp="2024-01-04T17:41:43 IST" skipped="0">
  <testcase classname="test.WorkProfileValidateWithTeams" name="cloneOnWorkProfiles" time="12.523"/>
=======
<testsuite hostname="JAMOCHA46" failures="0" tests="1" name="test.WorkProfileValidateWithTeams" time="11.428" errors="0" timestamp="2024-01-09T12:45:34 IST" skipped="0">
  <testcase classname="test.WorkProfileValidateWithTeams" name="cloneOnWorkProfiles" time="11.428"/>
>>>>>>> Stashed changes
  <system-out/>
</testsuite> <!-- test.WorkProfileValidateWithTeams -->
