<?xml version="1.0" encoding="UTF-8"?>
<!-- Generated by org.testng.reporters.JUnitReportReporter -->
<testsuite hostname="JAMOCHA46" failures="0" tests="1" name="test.UsersLoggedinUsersByServiceCPU" time="8.073" errors="0" timestamp="2024-01-09T16:12:24 IST" skipped="0">
  <testcase classname="test.UsersLoggedinUsersByServiceCPU" name="usersLoggedinUsersByServiceCPU" time="8.073"/>
  <system-out/>
</testsuite> <!-- test.UsersLoggedinUsersByServiceCPU -->
