<?xml version="1.0" encoding="UTF-8"?>
<!-- Generated by org.testng.reporters.JUnitReportReporter -->
<testsuite hostname="JAMOCHA46" failures="0" tests="1" name="test.UsersPDFValidation" time="55.134" errors="0" timestamp="2024-01-09T12:20:15 IST" skipped="0">
  <testcase classname="test.UsersPDFValidation" name="usersExcelValidation" time="55.134"/>
  <system-out/>
</testsuite> <!-- test.UsersPDFValidation -->
