<?xml version="1.0" encoding="UTF-8"?>
<!-- Generated by org.testng.reporters.JUnitReportReporter -->
<testsuite hostname="JAMOCHA46" failures="0" tests="1" name="test.WorkOutput.WorkTypeDefinitionBulkuploadCRUD" time="8.436" errors="0" timestamp="2024-01-29T15:37:19 IST" skipped="0">
  <testcase classname="test.WorkOutput.WorkTypeDefinitionBulkuploadCRUD" name="softwareDefinitationClear" time="8.436"/>
  <system-out/>
</testsuite> <!-- test.WorkOutput.WorkTypeDefinitionBulkuploadCRUD -->
