<?xml version="1.0" encoding="UTF-8"?>
<!-- Generated by org.testng.reporters.JUnitReportReporter -->
<testsuite hostname="JAMOCHA46" failures="0" tests="1" name="test.UswrBulkUploadForActiveUsers" time="43.595" errors="0" timestamp="2024-01-02T11:12:35 IST" skipped="0">
  <testcase classname="test.UswrBulkUploadForActiveUsers" name="userBulkUploadForActiveUsers" time="43.595"/>
  <system-out/>
</testsuite> <!-- test.UswrBulkUploadForActiveUsers -->
