<?xml version="1.0" encoding="UTF-8"?>
<!-- Generated by org.testng.reporters.JUnitReportReporter -->
<testsuite hostname="JAMOCHA30" failures="0" tests="1" name="test.demo" time="6.911" errors="0" timestamp="2023-11-22T13:55:45 IST" skipped="0">
  <testcase classname="test.demo" name="login" time="6.911"/>
  <system-out/>
</testsuite> <!-- test.demo -->
