<?xml version="1.0" encoding="UTF-8"?>
<!-- Generated by org.testng.reporters.JUnitReportReporter -->
<testsuite hostname="JAMOCHA46" failures="0" tests="1" name="test.DataAggregation.DataAggregationForModificationOnSettingsTab" time="15.384" errors="0" timestamp="2024-01-30T14:46:43 IST" skipped="0">
  <testcase classname="test.DataAggregation.DataAggregationForModificationOnSettingsTab" name="modificationOnSettingsTab" time="15.384"/>
  <system-out/>
</testsuite> <!-- test.DataAggregation.DataAggregationForModificationOnSettingsTab -->
