<?xml version="1.0" encoding="UTF-8"?>
<!-- Generated by org.testng.reporters.JUnitReportReporter -->
<testsuite hostname="JAMOCHA46" failures="0" tests="1" name="test.UsersBulkUploadForBlankTemplate" time="12.431" errors="0" timestamp="2023-12-27T15:22:30 IST" skipped="0">
  <testcase classname="test.UsersBulkUploadForBlankTemplate" name="bulkUploadforInactiveUsers" time="12.431"/>
  <system-out/>
</testsuite> <!-- test.UsersBulkUploadForBlankTemplate -->
