<?xml version="1.0" encoding="UTF-8"?>
<!-- Generated by org.testng.reporters.JUnitReportReporter -->
<testsuite hostname="JAMOCHA46" failures="0" tests="1" name="test.UserDomain.UserDomainExcelValidation" time="9.206" errors="0" timestamp="2024-01-30T14:46:43 IST" skipped="0">
  <testcase classname="test.UserDomain.UserDomainExcelValidation" name="excelValidation" time="9.206"/>
  <system-out/>
</testsuite> <!-- test.UserDomain.UserDomainExcelValidation -->
