<?xml version="1.0" encoding="UTF-8"?>
<!-- Generated by org.testng.reporters.JUnitReportReporter -->
<testsuite hostname="JAMOCHA30" failures="0" tests="1" name="test.WorkProfilesForClone" time="8.101" errors="0" timestamp="2023-12-15T15:10:06 IST" skipped="0">
  <testcase classname="test.WorkProfilesForClone" name="cloneOnWorkProfiles" time="8.101"/>
  <system-out/>
</testsuite> <!-- test.WorkProfilesForClone -->
