<?xml version="1.0" encoding="UTF-8"?>
<!-- Generated by org.testng.reporters.JUnitReportReporter -->
<testsuite hostname="JAMOCHA30" failures="0" tests="1" name="UserRoles.UserRolesModifyManagerHierarchyLevel" time="8.873" errors="0" timestamp="2024-01-30T11:37:59 IST" skipped="0">
  <testcase classname="UserRoles.UserRolesModifyManagerHierarchyLevel" name="userRolesModifyManagerHierarchyLevel" time="8.873"/>
  <system-out/>
</testsuite> <!-- UserRoles.UserRolesModifyManagerHierarchyLevel -->
