<?xml version="1.0" encoding="UTF-8"?>
<!-- Generated by org.testng.reporters.JUnitReportReporter -->
<testsuite hostname="JAMOCHA46" failures="0" tests="3" name="test.AssertOptimization.WorkStationExcelExport" time="9.210" errors="0" timestamp="2024-01-30T14:59:56 IST" skipped="2">
  <testcase classname="test.AssertOptimization.WorkStationExcelExport" name="workStationGroups" time="7.864"/>
  <system-out/>
  <testcase classname="test.AssertOptimization.WorkStationExcelExport" name="workStationGroups" time="0.600">
    <skipped/>
  </testcase> <!-- workStationGroups -->
  <system-out/>
  <testcase classname="test.AssertOptimization.WorkStationExcelExport" name="workStationGroups" time="0.746">
    <skipped/>
  </testcase> <!-- workStationGroups -->
  <system-out/>
</testsuite> <!-- test.AssertOptimization.WorkStationExcelExport -->
