<?xml version="1.0" encoding="UTF-8"?>
<!-- Generated by org.testng.reporters.JUnitReportReporter -->
<testsuite hostname="JAMOCHA30" failures="0" tests="2" name="test.WorkProfileForModification" time="95.388" errors="0" timestamp="2023-12-18T12:58:52 IST" skipped="1">
  <testcase classname="test.WorkProfileForModification" name="modificationOnWorkProfiles" time="87.151">
    <skipped/>
  </testcase> <!-- modificationOnWorkProfiles -->
  <system-out/>
  <testcase classname="test.WorkProfileForModification" name="modificationOnWorkProfiles" time="8.237"/>
  <system-out/>
</testsuite> <!-- test.WorkProfileForModification -->
