<?xml version="1.0" encoding="UTF-8"?>
<!-- Generated by org.testng.reporters.JUnitReportReporter -->
<testsuite hostname="JAMOCHA30" failures="0" tests="1" name="UserRoles.UserRolesModifyManagerToMeber" time="32.009" errors="0" timestamp="2024-01-30T11:37:59 IST" skipped="0">
  <testcase classname="UserRoles.UserRolesModifyManagerToMeber" name="userRolesModifyManagerToMeber" time="32.009"/>
  <system-out/>
</testsuite> <!-- UserRoles.UserRolesModifyManagerToMeber -->
