<?xml version="1.0" encoding="UTF-8"?>
<!-- Generated by org.testng.reporters.JUnitReportReporter -->
<testsuite hostname="JAMOCHA46" failures="0" tests="1" name="test.WorkProfilesForClone" time="4.987" errors="0" timestamp="2023-12-05T10:00:50 IST" skipped="0">
  <testcase classname="test.WorkProfilesForClone" name="cloneOnWorkProfiles" time="4.987"/>
  <system-out/>
</testsuite> <!-- test.WorkProfilesForClone -->
