<?xml version="1.0" encoding="UTF-8"?>
<!-- Generated by org.testng.reporters.JUnitReportReporter -->
<testsuite hostname="JAMOCHA46" failures="0" tests="1" name="test.AOSDeleteFunction" time="12.438" errors="0" timestamp="2023-12-05T17:16:28 IST" skipped="0">
  <testcase classname="test.AOSDeleteFunction" name="aosDeleteFunction" time="12.438"/>
  <system-out/>
</testsuite> <!-- test.AOSDeleteFunction -->
