<?xml version="1.0" encoding="UTF-8"?>
<!-- Generated by org.testng.reporters.JUnitReportReporter -->
<testsuite hostname="JAMOCHA30" failures="0" tests="3" name="test.WorkProfilesExcelValidation" time="43.518" errors="0" timestamp="2023-12-18T12:58:52 IST" skipped="2">
  <testcase classname="test.WorkProfilesExcelValidation" name="cloneOnWorkProfiles" time="15.122">
    <skipped/>
  </testcase> <!-- cloneOnWorkProfiles -->
  <system-out/>
  <testcase classname="test.WorkProfilesExcelValidation" name="cloneOnWorkProfiles" time="14.012">
    <skipped/>
  </testcase> <!-- cloneOnWorkProfiles -->
  <system-out/>
  <testcase classname="test.WorkProfilesExcelValidation" name="cloneOnWorkProfiles" time="14.384"/>
  <system-out/>
</testsuite> <!-- test.WorkProfilesExcelValidation -->
