<?xml version="1.0" encoding="UTF-8"?>
<!-- Generated by org.testng.reporters.JUnitReportReporter -->
<testsuite hostname="JAMOCHA46" failures="0" tests="1" name="test.UsersLicenceReport" time="9.911" errors="0" timestamp="2024-01-02T16:22:17 IST" skipped="0">
  <testcase classname="test.UsersLicenceReport" name="usersLicenceReport" time="9.911"/>
  <system-out/>
</testsuite> <!-- test.UsersLicenceReport -->
