<?xml version="1.0" encoding="UTF-8"?>
<!-- Generated by org.testng.reporters.JUnitReportReporter -->
<testsuite hostname="JAMOCHA46" failures="0" tests="1" name="test.AOSAddNew" time="12.239" errors="0" timestamp="2023-12-05T17:16:28 IST" skipped="0">
  <testcase classname="test.AOSAddNew" name="addNewFunction" time="12.239"/>
  <system-out/>
</testsuite> <!-- test.AOSAddNew -->
