<?xml version="1.0" encoding="UTF-8"?>
<!-- Generated by org.testng.reporters.JUnitReportReporter -->
<testsuite hostname="JAMOCHA30" failures="0" tests="1" name="test.AOSBulkUpload" time="25.703" errors="0" timestamp="2023-12-20T20:41:05 IST" skipped="0">
  <testcase classname="test.AOSBulkUpload" name="aosUnknownApplicationAddingtoCreateNewQualifierText" time="25.703"/>
  <system-out/>
</testsuite> <!-- test.AOSBulkUpload -->
