<?xml version="1.0" encoding="UTF-8"?>
<!-- Generated by org.testng.reporters.JUnitReportReporter -->
<testsuite hostname="JAMOCHA30" failures="0" tests="1" name="test.DataAggregationForModificationOnSettingsTabForClearButton" time="5.073" errors="0" timestamp="2024-01-04T17:41:43 IST" skipped="0">
  <testcase classname="test.DataAggregationForModificationOnSettingsTabForClearButton" name="modificationOnSettingsTabForClearButton" time="5.073"/>
  <system-out/>
</testsuite> <!-- test.DataAggregationForModificationOnSettingsTabForClearButton -->
