<?xml version="1.0" encoding="UTF-8"?>
<!-- Generated by org.testng.reporters.JUnitReportReporter -->
<testsuite hostname="JAMOCHA30" failures="0" tests="2" name="test.WorkProfile.WorkProfilesDeleteWithDependency" time="104.558" errors="0" timestamp="2024-01-30T11:38:00 IST" skipped="1">
  <testcase classname="test.WorkProfile.WorkProfilesDeleteWithDependency" name="cloneOnWorkProfiles" time="92.108">
    <skipped/>
  </testcase> <!-- cloneOnWorkProfiles -->
  <system-out/>
  <testcase classname="test.WorkProfile.WorkProfilesDeleteWithDependency" name="cloneOnWorkProfiles" time="12.450"/>
  <system-out/>
</testsuite> <!-- test.WorkProfile.WorkProfilesDeleteWithDependency -->
