<?xml version="1.0" encoding="UTF-8"?>
<!-- Generated by org.testng.reporters.JUnitReportReporter -->
<testsuite hostname="JAMOCHA30" failures="0" tests="1" name="UserRoles.UserRolePDFValidation" time="15.658" errors="0" timestamp="2024-01-22T10:41:11 IST" skipped="0">
  <testcase classname="UserRoles.UserRolePDFValidation" name="userRolePDFValidation" time="15.658"/>
  <system-out/>
</testsuite> <!-- UserRoles.UserRolePDFValidation -->
