<?xml version="1.0" encoding="UTF-8"?>
<!-- Generated by org.testng.reporters.JUnitReportReporter -->
<testsuite hostname="JAMOCHA30" failures="0" tests="1" name="UserRoles.UserRolesAddNewManagerDelete" time="31.588" errors="0" timestamp="2024-01-22T10:41:11 IST" skipped="0">
  <testcase classname="UserRoles.UserRolesAddNewManagerDelete" name="userRolesAddNewManagerDelete" time="31.588"/>
  <system-out/>
</testsuite> <!-- UserRoles.UserRolesAddNewManagerDelete -->
