<?xml version="1.0" encoding="UTF-8"?>
<!-- Generated by org.testng.reporters.JUnitReportReporter -->
<testsuite hostname="JAMOCHA30" failures="0" tests="1" name="test.AOS.AOSBulkUpload" time="32.040" errors="0" timestamp="2024-01-09T12:21:39 IST" skipped="0">
  <testcase classname="test.AOS.AOSBulkUpload" name="aosBulkUpload" time="32.040"/>
  <system-out/>
</testsuite> <!-- test.AOS.AOSBulkUpload -->
