<?xml version="1.0" encoding="UTF-8"?>
<!-- Generated by org.testng.reporters.JUnitReportReporter -->
<testsuite hostname="JAMOCHA30" failures="0" tests="2" name="UserRoles.UserRolesModifyManagerDontAllowUserToExportDataXLS" time="43.572" errors="0" timestamp="2024-01-30T11:38:00 IST" skipped="1">
  <testcase classname="UserRoles.UserRolesModifyManagerDontAllowUserToExportDataXLS" name="userRolesModifyManagerDontAllowUserToExportDataXLS" time="19.069"/>
  <system-out/>
  <testcase classname="UserRoles.UserRolesModifyManagerDontAllowUserToExportDataXLS" name="userRolesModifyManagerDontAllowUserToExportDataXLS" time="24.503">
    <skipped/>
  </testcase> <!-- userRolesModifyManagerDontAllowUserToExportDataXLS -->
  <system-out/>
</testsuite> <!-- UserRoles.UserRolesModifyManagerDontAllowUserToExportDataXLS -->
