<?xml version="1.0" encoding="UTF-8"?>
<!-- Generated by org.testng.reporters.JUnitReportReporter -->
<testsuite hostname="JAMOCHA46" failures="0" tests="1" name="test.Users.UsersDelete" time="7.863" errors="0" timestamp="2024-01-29T10:09:11 IST" skipped="0">
  <testcase classname="test.Users.UsersDelete" name="deleteUsers" time="7.863"/>
  <system-out/>
</testsuite> <!-- test.Users.UsersDelete -->
