<?xml version="1.0" encoding="UTF-8"?>
<!-- Generated by org.testng.reporters.JUnitReportReporter -->
<testsuite hostname="JAMOCHA46" failures="0" tests="1" name="test.UserBulkUploadForActiveUsers" time="21.868" errors="0" timestamp="2024-01-09T10:38:27 IST" skipped="0">
  <testcase classname="test.UserBulkUploadForActiveUsers" name="userBulkUploadForActiveUsers" time="21.868"/>
  <system-out/>
</testsuite> <!-- test.UserBulkUploadForActiveUsers -->
