<?xml version="1.0" encoding="UTF-8"?>
<!-- Generated by org.testng.reporters.JUnitReportReporter -->
<testsuite hostname="JAMOCHA46" failures="0" tests="1" name="test.WorkProfilesExcelValidation" time="23.610" errors="0" timestamp="2023-12-05T10:01:49 IST" skipped="0">
  <testcase classname="test.WorkProfilesExcelValidation" name="cloneOnWorkProfiles" time="23.610"/>
  <system-out/>
</testsuite> <!-- test.WorkProfilesExcelValidation -->
