<?xml version="1.0" encoding="UTF-8"?>
<!-- Generated by org.testng.reporters.JUnitReportReporter -->
<testsuite hostname="JAMOCHA46" failures="0" tests="1" name="test.UserDomainSortingFuncton" time="10.735" errors="0" timestamp="2023-12-05T17:16:28 IST" skipped="0">
  <testcase classname="test.UserDomainSortingFuncton" name="sortingFunction" time="10.735"/>
  <system-out/>
</testsuite> <!-- test.UserDomainSortingFuncton -->
