<?xml version="1.0" encoding="UTF-8"?>
<!-- Generated by org.testng.reporters.JUnitReportReporter -->
<testsuite hostname="JAMOCHA46" failures="0" tests="1" name="test.BusinessHierarchy.BusinessHierarchyClear" time="14.611" errors="0" timestamp="2024-01-29T11:01:31 IST" skipped="0">
  <testcase classname="test.BusinessHierarchy.BusinessHierarchyClear" name="businessHierarchyClear" time="14.611"/>
  <system-out/>
</testsuite> <!-- test.BusinessHierarchy.BusinessHierarchyClear -->
