<?xml version="1.0" encoding="UTF-8"?>
<!-- Generated by org.testng.reporters.JUnitReportReporter -->
<testsuite hostname="JAMOCHA30" failures="0" tests="1" name="test.WorkProfile.WorkProfilesExcelValidation" time="15.657" errors="0" timestamp="2024-01-09T13:41:37 IST" skipped="0">
  <testcase classname="test.WorkProfile.WorkProfilesExcelValidation" name="cloneOnWorkProfiles" time="15.657"/>
  <system-out/>
</testsuite> <!-- test.WorkProfile.WorkProfilesExcelValidation -->
