<?xml version="1.0" encoding="UTF-8"?>
<!-- Generated by org.testng.reporters.JUnitReportReporter -->
<testsuite hostname="JAMOCHA46" failures="0" tests="1" name="test.UserDomain.UserDomainAddFunction" time="59.432" errors="0" timestamp="2024-01-30T14:46:43 IST" skipped="0">
  <testcase classname="test.UserDomain.UserDomainAddFunction" name="addNewFunction" time="59.432"/>
  <system-out/>
</testsuite> <!-- test.UserDomain.UserDomainAddFunction -->
