<?xml version="1.0" encoding="UTF-8"?>
<!-- Generated by org.testng.reporters.JUnitReportReporter -->
<testsuite hostname="JAMOCHA30" failures="0" tests="2" name="test.DataAggregation.DataAggregationForAllType" time="29.855" errors="0" timestamp="2024-01-30T11:38:00 IST" skipped="1">
  <testcase classname="test.DataAggregation.DataAggregationForAllType" name="alltypeValidation" time="1.465">
    <skipped/>
  </testcase> <!-- alltypeValidation -->
  <system-out/>
  <testcase classname="test.DataAggregation.DataAggregationForAllType" name="alltypeValidation" time="28.390"/>
  <system-out/>
</testsuite> <!-- test.DataAggregation.DataAggregationForAllType -->
