<?xml version="1.0" encoding="UTF-8"?>
<!-- Generated by org.testng.reporters.JUnitReportReporter -->
<testsuite hostname="JAMOCHA30" failures="0" tests="1" name="UserRoles.UserRoleExcelValidation" time="14.162" errors="0" timestamp="2024-01-30T11:38:00 IST" skipped="0">
  <testcase classname="UserRoles.UserRoleExcelValidation" name="userRoleExcelValidation" time="14.162"/>
  <system-out/>
</testsuite> <!-- UserRoles.UserRoleExcelValidation -->
