<?xml version="1.0" encoding="UTF-8"?>
<!-- Generated by org.testng.reporters.JUnitReportReporter -->
<testsuite hostname="JAMOCHA30" failures="0" tests="1" name="test.UserDomainModify" time="11.942" errors="0" timestamp="2023-12-15T15:10:06 IST" skipped="0">
  <testcase classname="test.UserDomainModify" name="modifyFunction" time="11.942"/>
  <system-out/>
</testsuite> <!-- test.UserDomainModify -->
