<?xml version="1.0" encoding="UTF-8"?>
<!-- Generated by org.testng.reporters.JUnitReportReporter -->
<testsuite hostname="JAMOCHA46" failures="0" tests="1" name="test.UsersLoggedinUsersByServiceMemory" time="7.163" errors="0" timestamp="2024-01-09T16:12:24 IST" skipped="0">
  <testcase classname="test.UsersLoggedinUsersByServiceMemory" name="usersLoggedinUsersByServiceMemory" time="7.163"/>
  <system-out/>
</testsuite> <!-- test.UsersLoggedinUsersByServiceMemory -->
