<?xml version="1.0" encoding="UTF-8"?>
<!-- Generated by org.testng.reporters.JUnitReportReporter -->
<testsuite hostname="JAMOCHA30" failures="0" tests="1" name="test.AOS.AOSUnknownApplicationAddingtoExisting" time="8.837" errors="0" timestamp="2024-01-22T10:35:04 IST" skipped="0">
  <testcase classname="test.AOS.AOSUnknownApplicationAddingtoExisting" name="aosUnknownApplicationAddingtoExisting" time="8.837"/>
  <system-out/>
</testsuite> <!-- test.AOS.AOSUnknownApplicationAddingtoExisting -->
