<?xml version="1.0" encoding="UTF-8"?>
<!-- Generated by org.testng.reporters.JUnitReportReporter -->
<testsuite hostname="JAMOCHA30" failures="0" tests="2" name="test.DataAggregation" time="36.355" errors="0" timestamp="2023-12-15T15:10:06 IST" skipped="1">
  <testcase classname="test.DataAggregation" name="aggregationForSingleType" time="18.102"/>
  <system-out/>
  <testcase classname="test.DataAggregation" name="aggregationForSingleType" time="18.253">
    <skipped/>
  </testcase> <!-- aggregationForSingleType -->
  <system-out/>
</testsuite> <!-- test.DataAggregation -->
