<?xml version="1.0" encoding="UTF-8"?>
<!-- Generated by org.testng.reporters.JUnitReportReporter -->
<testsuite hostname="JAMOCHA46" failures="0" tests="1" name="UserRoles.UserRolesBulkUpdate" time="28.284" errors="0" timestamp="2024-01-30T14:46:43 IST" skipped="0">
  <testcase classname="UserRoles.UserRolesBulkUpdate" name="userRolesBulkUpdate" time="28.284"/>
  <system-out/>
</testsuite> <!-- UserRoles.UserRolesBulkUpdate -->
