<?xml version="1.0" encoding="UTF-8"?>
<!-- Generated by org.testng.reporters.JUnitReportReporter -->
<testsuite hostname="JAMOCHA30" failures="0" tests="2" name="test.Login" time="7.573" errors="0" timestamp="2023-11-23T12:56:22 IST" skipped="0">
  <testcase classname="test.Login" name="login" time="4.265"/>
  <system-out/>
  <testcase classname="test.Login" name="login" time="3.308"/>
  <system-out/>
</testsuite> <!-- test.Login -->
