<?xml version="1.0" encoding="UTF-8"?>
<!-- Generated by org.testng.reporters.JUnitReportReporter -->
<testsuite hostname="JAMOCHA46" failures="0" tests="1" name="test.AssertOptimization.SoftwareDefinitationWithMissingNameField" time="9.427" errors="0" timestamp="2024-01-30T14:59:56 IST" skipped="0">
  <testcase classname="test.AssertOptimization.SoftwareDefinitationWithMissingNameField" name="softwareDefinitationWithMissingNameField" time="9.427"/>
  <system-out/>
</testsuite> <!-- test.AssertOptimization.SoftwareDefinitationWithMissingNameField -->
