<?xml version="1.0" encoding="UTF-8"?>
<!-- Generated by org.testng.reporters.JUnitReportReporter -->
<testsuite hostname="JAMOCHA46" failures="0" tests="1" name="test.WorkProfile.WorkProfileForModification" time="6.327" errors="0" timestamp="2024-01-30T14:46:43 IST" skipped="0">
  <testcase classname="test.WorkProfile.WorkProfileForModification" name="modificationOnWorkProfiles" time="6.327"/>
  <system-out/>
</testsuite> <!-- test.WorkProfile.WorkProfileForModification -->
