<?xml version="1.0" encoding="UTF-8"?>
<!-- Generated by org.testng.reporters.JUnitReportReporter -->
<testsuite hostname="JAMOCHA30" failures="0" tests="1" name="UserRoles.UserRolesModifyMemberToManager" time="43.507" errors="0" timestamp="2024-01-22T13:19:09 IST" skipped="0">
  <testcase classname="UserRoles.UserRolesModifyMemberToManager" name="userRolesModifyMemberToManager" time="43.507"/>
  <system-out/>
</testsuite> <!-- UserRoles.UserRolesModifyMemberToManager -->
