<?xml version="1.0" encoding="UTF-8"?>
<!-- Generated by org.testng.reporters.JUnitReportReporter -->
<<<<<<< Updated upstream
<testsuite hostname="JAMOCHA30" failures="0" tests="1" name="test.WorkProfileForDelete" time="10.083" errors="0" timestamp="2024-01-04T17:41:43 IST" skipped="0">
  <testcase classname="test.WorkProfileForDelete" name="deletionOnWorkProfiles" time="10.083"/>
=======
<testsuite hostname="JAMOCHA46" failures="0" tests="1" name="test.WorkProfileForDelete" time="20.022" errors="0" timestamp="2024-01-08T17:50:59 IST" skipped="0">
  <testcase classname="test.WorkProfileForDelete" name="deletionOnWorkProfiles" time="20.022"/>
>>>>>>> Stashed changes
  <system-out/>
</testsuite> <!-- test.WorkProfileForDelete -->
