<?xml version="1.0" encoding="UTF-8"?>
<!-- Generated by org.testng.reporters.JUnitReportReporter -->
<testsuite hostname="JAMOCHA30" failures="0" tests="1" name="test.DataAggregation.DataAggregationForModificationOnSettingsTab" time="17.709" errors="0" timestamp="2024-01-22T10:14:06 IST" skipped="0">
  <testcase classname="test.DataAggregation.DataAggregationForModificationOnSettingsTab" name="modificationOnSettingsTab" time="17.709"/>
  <system-out/>
</testsuite> <!-- test.DataAggregation.DataAggregationForModificationOnSettingsTab -->
