<?xml version="1.0" encoding="UTF-8"?>
<!-- Generated by org.testng.reporters.JUnitReportReporter -->
<testsuite hostname="JAMOCHA30" failures="0" tests="2" name="test.DataAggregation" time="21.222" errors="0" timestamp="2023-12-18T12:58:52 IST" skipped="1">
  <testcase classname="test.DataAggregation" name="aggregationForSingleType" time="16.881"/>
  <system-out/>
  <testcase classname="test.DataAggregation" name="aggregationForSingleType" time="4.341">
    <skipped/>
  </testcase> <!-- aggregationForSingleType -->
  <system-out/>
</testsuite> <!-- test.DataAggregation -->
