<?xml version="1.0" encoding="UTF-8"?>
<!-- Generated by org.testng.reporters.JUnitReportReporter -->
<testsuite hostname="JAMOCHA46" failures="0" tests="1" name="test.UsersAttributesForInactiveUsers" time="13.304" errors="0" timestamp="2024-01-09T10:38:27 IST" skipped="0">
  <testcase classname="test.UsersAttributesForInactiveUsers" name="usersAttributesForInactiveUsers" time="13.304"/>
  <system-out/>
</testsuite> <!-- test.UsersAttributesForInactiveUsers -->
