<?xml version="1.0" encoding="UTF-8"?>
<!-- Generated by org.testng.reporters.JUnitReportReporter -->
<testsuite hostname="JAMOCHA46" failures="0" tests="1" name="test.UsersAttributes" time="12.614" errors="0" timestamp="2024-01-02T15:21:09 IST" skipped="0">
  <testcase classname="test.UsersAttributes" name="userBulkUploadForActiveUsers" time="12.614"/>
  <system-out/>
</testsuite> <!-- test.UsersAttributes -->
