<?xml version="1.0" encoding="UTF-8"?>
<!-- Generated by org.testng.reporters.JUnitReportReporter -->
<testsuite hostname="JAMOCHA46" failures="0" tests="1" name="test.UserEmailExport" time="6.831" errors="0" timestamp="2024-01-08T11:08:15 IST" skipped="0">
  <testcase classname="test.UserEmailExport" name="usersExcelValidation" time="6.831"/>
  <system-out/>
</testsuite> <!-- test.UserEmailExport -->
