<?xml version="1.0" encoding="UTF-8"?>
<!-- Generated by org.testng.reporters.JUnitReportReporter -->
<testsuite hostname="JAMOCHA46" failures="0" tests="1" name="test.UsersExcelValidation" time="58.110" errors="0" timestamp="2024-01-08T18:28:12 IST" skipped="0">
  <testcase classname="test.UsersExcelValidation" name="usersExcelValidation" time="58.110"/>
  <system-out/>
</testsuite> <!-- test.UsersExcelValidation -->
