<?xml version="1.0" encoding="UTF-8"?>
<!-- Generated by org.testng.reporters.JUnitReportReporter -->
<testsuite hostname="JAMOCHA46" failures="0" tests="1" name="test.AssertOptimization.WorkStationGroupsCURD" time="16.234" errors="0" timestamp="2024-01-30T14:59:56 IST" skipped="0">
  <testcase classname="test.AssertOptimization.WorkStationGroupsCURD" name="workStationGroups" time="16.234"/>
  <system-out/>
</testsuite> <!-- test.AssertOptimization.WorkStationGroupsCURD -->
