<?xml version="1.0" encoding="UTF-8"?>
<!-- Generated by org.testng.reporters.JUnitReportReporter -->
<testsuite hostname="JAMOCHA30" failures="0" tests="2" name="test.AOSModifyFunction" time="21.184" errors="0" timestamp="2023-12-15T11:26:25 IST" skipped="1">
  <testcase classname="test.AOSModifyFunction" name="a0sModifyFunction" time="16.085"/>
  <system-out/>
  <testcase classname="test.AOSModifyFunction" name="a0sModifyFunction" time="5.099">
    <skipped/>
  </testcase> <!-- a0sModifyFunction -->
  <system-out/>
</testsuite> <!-- test.AOSModifyFunction -->
