<?xml version="1.0" encoding="UTF-8"?>
<!-- Generated by org.testng.reporters.JUnitReportReporter -->
<testsuite hostname="JAMOCHA46" failures="0" tests="1" name="test.BusinessHierarchy.HierarchyMappingBulkUploadCURD" time="17.436" errors="0" timestamp="2024-01-29T12:32:06 IST" skipped="0">
  <testcase classname="test.BusinessHierarchy.HierarchyMappingBulkUploadCURD" name="hierarchyMappingBulkUploadCURD" time="17.436"/>
  <system-out/>
</testsuite> <!-- test.BusinessHierarchy.HierarchyMappingBulkUploadCURD -->
