<?xml version="1.0" encoding="UTF-8"?>
<!-- Generated by org.testng.reporters.JUnitReportReporter -->
<testsuite hostname="JAMOCHA30" failures="0" tests="1" name="test.UserDomainAddFunction" time="62.474" errors="0" timestamp="2024-01-04T17:41:43 IST" skipped="0">
  <testcase classname="test.UserDomainAddFunction" name="addNewFunction" time="62.474"/>
  <system-out/>
</testsuite> <!-- test.UserDomainAddFunction -->
