<?xml version="1.0" encoding="UTF-8"?>
<!-- Generated by org.testng.reporters.JUnitReportReporter -->
<testsuite hostname="JAMOCHA30" failures="0" tests="2" name="test.AOS.AOSAddNew" time="34.578" errors="0" timestamp="2024-01-09T12:21:39 IST" skipped="1">
  <testcase classname="test.AOS.AOSAddNew" name="addNewFunction" time="17.265"/>
  <system-out/>
  <testcase classname="test.AOS.AOSAddNew" name="addNewFunction" time="17.313">
    <skipped/>
  </testcase> <!-- addNewFunction -->
  <system-out/>
</testsuite> <!-- test.AOS.AOSAddNew -->
