<?xml version="1.0" encoding="UTF-8"?>
<!-- Generated by org.testng.reporters.JUnitReportReporter -->
<testsuite hostname="JAMOCHA30" failures="0" tests="1" name="test.AOSUnknownApplicationAddingtoExisting" time="17.905" errors="0" timestamp="2023-12-18T12:58:52 IST" skipped="0">
  <testcase classname="test.AOSUnknownApplicationAddingtoExisting" name="aosUnknownApplicationAddingtoExisting" time="17.905"/>
  <system-out/>
</testsuite> <!-- test.AOSUnknownApplicationAddingtoExisting -->
