<?xml version="1.0" encoding="UTF-8"?>
<!-- Generated by org.testng.reporters.JUnitReportReporter -->
<testsuite hostname="JAMOCHA30" failures="0" tests="2" name="test.AOS.AOSModifyFunction" time="35.174" errors="0" timestamp="2024-01-30T11:38:00 IST" skipped="1">
  <testcase classname="test.AOS.AOSModifyFunction" name="a0sModifyFunction" time="17.768"/>
  <system-out/>
  <testcase classname="test.AOS.AOSModifyFunction" name="a0sModifyFunction" time="17.406">
    <skipped/>
  </testcase> <!-- a0sModifyFunction -->
  <system-out/>
</testsuite> <!-- test.AOS.AOSModifyFunction -->
