<?xml version="1.0" encoding="UTF-8"?>
<!-- Generated by org.testng.reporters.JUnitReportReporter -->
<testsuite hostname="JAMOCHA30" failures="0" tests="1" name="test.AOSModifyFunction" time="17.549" errors="0" timestamp="2023-12-05T11:18:52 IST" skipped="0">
  <testcase classname="test.AOSModifyFunction" name="a0sModifyFunction" time="17.549"/>
  <system-out/>
</testsuite> <!-- test.AOSModifyFunction -->
