<?xml version="1.0" encoding="UTF-8"?>
<!-- Generated by org.testng.reporters.JUnitReportReporter -->
<testsuite hostname="JAMOCHA30" failures="0" tests="1" name="UserRoles.UserRolesModifyActivityDashBoard1Manager" time="53.195" errors="0" timestamp="2024-01-22T13:10:40 IST" skipped="0">
  <testcase classname="UserRoles.UserRolesModifyActivityDashBoard1Manager" name="userRolesAddNewManagertoMember" time="53.195"/>
  <system-out/>
</testsuite> <!-- UserRoles.UserRolesModifyActivityDashBoard1Manager -->
