<?xml version="1.0" encoding="UTF-8"?>
<!-- Generated by org.testng.reporters.JUnitReportReporter -->
<testsuite hostname="JAMOCHA30" failures="0" tests="1" name="test.AOS.AOSDeleteFunction" time="26.592" errors="0" timestamp="2024-01-09T12:21:39 IST" skipped="0">
  <testcase classname="test.AOS.AOSDeleteFunction" name="aosDeleteFunction" time="26.592"/>
  <system-out/>
</testsuite> <!-- test.AOS.AOSDeleteFunction -->
