<?xml version="1.0" encoding="UTF-8"?>
<!-- Generated by org.testng.reporters.JUnitReportReporter -->
<testsuite hostname="JAMOCHA30" failures="0" tests="1" name="test.AOS.AOSBulkUpload" time="26.816" errors="0" timestamp="2024-01-22T10:35:03 IST" skipped="0">
  <testcase classname="test.AOS.AOSBulkUpload" name="aosBulkUpload" time="26.816"/>
  <system-out/>
</testsuite> <!-- test.AOS.AOSBulkUpload -->
