<?xml version="1.0" encoding="UTF-8"?>
<!-- Generated by org.testng.reporters.JUnitReportReporter -->
<testsuite hostname="JAMOCHA46" failures="0" tests="1" name="test.WorkProfileForDelete" time="9.489" errors="0" timestamp="2023-12-05T09:55:48 IST" skipped="0">
  <testcase classname="test.WorkProfileForDelete" name="deletionOnWorkProfiles" time="9.489"/>
  <system-out/>
</testsuite> <!-- test.WorkProfileForDelete -->
