<?xml version="1.0" encoding="UTF-8"?>
<!-- Generated by org.testng.reporters.JUnitReportReporter -->
<testsuite hostname="JAMOCHA46" failures="0" tests="1" name="UsersLicenceReportForPDF" time="10.656" errors="0" timestamp="2024-01-02T17:08:08 IST" skipped="0">
  <testcase classname="UsersLicenceReportForPDF" name="usersLicenceReportForPDF" time="10.656"/>
  <system-out/>
</testsuite> <!-- UsersLicenceReportForPDF -->
