<?xml version="1.0" encoding="UTF-8"?>
<!-- Generated by org.testng.reporters.JUnitReportReporter -->
<testsuite hostname="JAMOCHA46" failures="0" tests="1" name="UserRoles.UserRolesAddNewMember" time="12.881" errors="0" timestamp="2024-01-30T14:46:43 IST" skipped="0">
  <testcase classname="UserRoles.UserRolesAddNewMember" name="userRolesAddNewManager" time="12.881"/>
  <system-out/>
</testsuite> <!-- UserRoles.UserRolesAddNewMember -->
