<?xml version="1.0" encoding="UTF-8"?>
<!-- Generated by org.testng.reporters.JUnitReportReporter -->
<testsuite hostname="JAMOCHA30" failures="0" tests="1" name="test.UserDomainModify" time="12.052" errors="0" timestamp="2023-12-15T11:26:25 IST" skipped="0">
  <testcase classname="test.UserDomainModify" name="modifyFunction" time="12.052"/>
  <system-out/>
</testsuite> <!-- test.UserDomainModify -->
