<?xml version="1.0" encoding="UTF-8"?>
<!-- Generated by org.testng.reporters.JUnitReportReporter -->
<testsuite hostname="JAMOCHA46" failures="0" tests="1" name="test.WorkFlow.WorkFlowCustomAttributeBulkUpload" time="16.323" errors="0" timestamp="2024-01-16T14:27:03 IST" skipped="0">
  <testcase classname="test.WorkFlow.WorkFlowCustomAttributeBulkUpload" name="usersLoggedinUsersByHeartbeat" time="16.323"/>
  <system-out/>
</testsuite> <!-- test.WorkFlow.WorkFlowCustomAttributeBulkUpload -->
