<?xml version="1.0" encoding="UTF-8"?>
<!-- Generated by org.testng.reporters.JUnitReportReporter -->
<testsuite hostname="JAMOCHA30" failures="0" tests="1" name="test.UserDomainExcelValidation" time="11.308" errors="0" timestamp="2023-12-05T11:18:52 IST" skipped="0">
  <testcase classname="test.UserDomainExcelValidation" name="excelValidation" time="11.308"/>
  <system-out/>
</testsuite> <!-- test.UserDomainExcelValidation -->
