<?xml version="1.0" encoding="UTF-8"?>
<!-- Generated by org.testng.reporters.JUnitReportReporter -->
<testsuite hostname="JAMOCHA46" failures="0" tests="1" name="users.UsersBulkUploadForInactiveUsers" time="23.649" errors="0" timestamp="2023-12-28T09:41:24 IST" skipped="0">
  <testcase classname="users.UsersBulkUploadForInactiveUsers" name="bulkUploadforInactiveUsers" time="23.649"/>
  <system-out/>
</testsuite> <!-- users.UsersBulkUploadForInactiveUsers -->
