<?xml version="1.0" encoding="UTF-8"?>
<!-- Generated by org.testng.reporters.JUnitReportReporter -->
<testsuite hostname="JAMOCHA30" failures="0" tests="2" name="test.WorkProfileForDelete" time="21.416" errors="0" timestamp="2023-12-18T12:58:52 IST" skipped="1">
  <testcase classname="test.WorkProfileForDelete" name="deletionOnWorkProfiles" time="10.141"/>
  <system-out/>
  <testcase classname="test.WorkProfileForDelete" name="deletionOnWorkProfiles" time="11.275">
    <skipped/>
  </testcase> <!-- deletionOnWorkProfiles -->
  <system-out/>
</testsuite> <!-- test.WorkProfileForDelete -->
