<?xml version="1.0" encoding="UTF-8"?>
<!-- Generated by org.testng.reporters.JUnitReportReporter -->
<testsuite hostname="JAMOCHA30" failures="0" tests="2" name="test.AOSUnknownApplicationAddingtoCreateNewQualifierText" time="28.187" errors="0" timestamp="2023-12-18T12:58:52 IST" skipped="1">
  <testcase classname="test.AOSUnknownApplicationAddingtoCreateNewQualifierText" name="aosUnknownApplicationAddingtoCreateNewQualifierText" time="4.710">
    <skipped/>
  </testcase> <!-- aosUnknownApplicationAddingtoCreateNewQualifierText -->
  <system-out/>
  <testcase classname="test.AOSUnknownApplicationAddingtoCreateNewQualifierText" name="aosUnknownApplicationAddingtoCreateNewQualifierText" time="23.477"/>
  <system-out/>
</testsuite> <!-- test.AOSUnknownApplicationAddingtoCreateNewQualifierText -->
