<?xml version="1.0" encoding="UTF-8"?>
<!-- Generated by org.testng.reporters.JUnitReportReporter -->
<testsuite hostname="JAMOCHA30" failures="0" tests="1" name="test.AOSUnknownApplicationAddingtoExistingProcessName" time="18.139" errors="0" timestamp="2023-12-18T12:58:52 IST" skipped="0">
  <testcase classname="test.AOSUnknownApplicationAddingtoExistingProcessName" name="aosUnknownApplicationAddingtoExistingProcessName" time="18.139"/>
  <system-out/>
</testsuite> <!-- test.AOSUnknownApplicationAddingtoExistingProcessName -->
