<?xml version="1.0" encoding="UTF-8"?>
<!-- Generated by org.testng.reporters.JUnitReportReporter -->
<testsuite hostname="JAMOCHA30" failures="0" tests="2" name="UserRoles.UserRolesModifyManagerEditActivityRating" time="56.570" errors="0" timestamp="2024-01-30T11:38:00 IST" skipped="1">
  <testcase classname="UserRoles.UserRolesModifyManagerEditActivityRating" name="userRolesModifyManagerEditActivityRating" time="33.368">
    <skipped/>
  </testcase> <!-- userRolesModifyManagerEditActivityRating -->
  <system-out/>
  <testcase classname="UserRoles.UserRolesModifyManagerEditActivityRating" name="userRolesModifyManagerEditActivityRating" time="23.202"/>
  <system-out/>
</testsuite> <!-- UserRoles.UserRolesModifyManagerEditActivityRating -->
