<?xml version="1.0" encoding="UTF-8"?>
<!-- Generated by org.testng.reporters.JUnitReportReporter -->
<testsuite hostname="JAMOCHA30" failures="0" tests="3" name="test.AOSUnknownApplicationAddingtoCreateNew" time="33.462" errors="0" timestamp="2023-12-15T11:26:25 IST" skipped="2">
  <testcase classname="test.AOSUnknownApplicationAddingtoCreateNew" name="aosUnknownApplicationAddingtoCreateNew" time="4.528">
    <skipped/>
  </testcase> <!-- aosUnknownApplicationAddingtoCreateNew -->
  <system-out/>
  <testcase classname="test.AOSUnknownApplicationAddingtoCreateNew" name="aosUnknownApplicationAddingtoCreateNew" time="23.875"/>
  <system-out/>
  <testcase classname="test.AOSUnknownApplicationAddingtoCreateNew" name="aosUnknownApplicationAddingtoCreateNew" time="5.059">
    <skipped/>
  </testcase> <!-- aosUnknownApplicationAddingtoCreateNew -->
  <system-out/>
</testsuite> <!-- test.AOSUnknownApplicationAddingtoCreateNew -->
