<?xml version="1.0" encoding="UTF-8"?>
<!-- Generated by org.testng.reporters.JUnitReportReporter -->
<testsuite hostname="JAMOCHA46" failures="0" tests="1" name="test.AOS.AOSDeleteFunction" time="23.824" errors="0" timestamp="2024-01-30T14:46:43 IST" skipped="0">
  <testcase classname="test.AOS.AOSDeleteFunction" name="aosDeleteFunction" time="23.824"/>
  <system-out/>
</testsuite> <!-- test.AOS.AOSDeleteFunction -->
