<?xml version="1.0" encoding="UTF-8"?>
<!-- Generated by org.testng.reporters.JUnitReportReporter -->
<testsuite hostname="JAMOCHA30" failures="0" tests="1" name="UserRoles.UserRoleExcelValidation" time="15.229" errors="0" timestamp="2024-01-22T10:41:11 IST" skipped="0">
  <testcase classname="UserRoles.UserRoleExcelValidation" name="userRoleExcelValidation" time="15.229"/>
  <system-out/>
</testsuite> <!-- UserRoles.UserRoleExcelValidation -->
