<?xml version="1.0" encoding="UTF-8"?>
<!-- Generated by org.testng.reporters.JUnitReportReporter -->
<testsuite hostname="JAMOCHA46" failures="0" tests="1" name="users.UsersBulkUploadForBlankTemplate" time="11.355" errors="0" timestamp="2023-12-27T13:48:55 IST" skipped="0">
  <testcase classname="users.UsersBulkUploadForBlankTemplate" name="bulkUploadforInactiveUsers" time="11.355"/>
  <system-out/>
</testsuite> <!-- users.UsersBulkUploadForBlankTemplate -->
