<?xml version="1.0" encoding="UTF-8"?>
<!-- Generated by org.testng.reporters.JUnitReportReporter -->
<testsuite hostname="JAMOCHA30" failures="0" tests="1" name="test.WorkProfile.WorkProfileValidateWithTeams" time="13.926" errors="0" timestamp="2024-01-09T13:41:37 IST" skipped="0">
  <testcase classname="test.WorkProfile.WorkProfileValidateWithTeams" name="cloneOnWorkProfiles" time="13.926"/>
  <system-out/>
</testsuite> <!-- test.WorkProfile.WorkProfileValidateWithTeams -->
