<?xml version="1.0" encoding="UTF-8"?>
<!-- Generated by org.testng.reporters.JUnitReportReporter -->
<testsuite hostname="JAMOCHA30" failures="0" tests="1" name="UserRoles.UserRolesBulkUpdateMember" time="26.461" errors="0" timestamp="2024-01-22T10:47:53 IST" skipped="0">
  <testcase classname="UserRoles.UserRolesBulkUpdateMember" name="userRolesBulkUpdateMember" time="26.461"/>
  <system-out/>
</testsuite> <!-- UserRoles.UserRolesBulkUpdateMember -->
