<?xml version="1.0" encoding="UTF-8"?>
<!-- Generated by org.testng.reporters.JUnitReportReporter -->
<testsuite hostname="JAMOCHA30" failures="0" tests="1" name="test.UserDomain.UserDomainModify" time="12.820" errors="0" timestamp="2024-01-30T11:38:00 IST" skipped="0">
  <testcase classname="test.UserDomain.UserDomainModify" name="modifyFunction" time="12.820"/>
  <system-out/>
</testsuite> <!-- test.UserDomain.UserDomainModify -->
