<?xml version="1.0" encoding="UTF-8"?>
<!-- Generated by org.testng.reporters.JUnitReportReporter -->
<testsuite hostname="JAMOCHA30" failures="0" tests="1" name="test.AOS.AOSUnknownApplicationAddingtoCreateNew" time="9.002" errors="0" timestamp="2024-01-30T11:37:59 IST" skipped="0">
  <testcase classname="test.AOS.AOSUnknownApplicationAddingtoCreateNew" name="aosUnknownApplicationAddingtoCreateNew" time="9.002"/>
  <system-out/>
</testsuite> <!-- test.AOS.AOSUnknownApplicationAddingtoCreateNew -->
