<?xml version="1.0" encoding="UTF-8"?>
<!-- Generated by org.testng.reporters.JUnitReportReporter -->
<testsuite hostname="JAMOCHA46" failures="0" tests="1" name="test.UsersDelete" time="7.941" errors="0" timestamp="2024-01-08T10:36:54 IST" skipped="0">
  <testcase classname="test.UsersDelete" name="deleteUsers" time="7.941"/>
  <system-out/>
</testsuite> <!-- test.UsersDelete -->
