<?xml version="1.0" encoding="UTF-8"?>
<!-- Generated by org.testng.reporters.JUnitReportReporter -->
<testsuite hostname="JAMOCHA46" failures="0" tests="1" name="test.WorkProfileForModification" time="17.434" errors="0" timestamp="2023-12-05T11:13:33 IST" skipped="0">
  <testcase classname="test.WorkProfileForModification" name="modificationOnWorkProfiles" time="17.434"/>
  <system-out/>
</testsuite> <!-- test.WorkProfileForModification -->
