<?xml version="1.0" encoding="UTF-8"?>
<!-- Generated by org.testng.reporters.JUnitReportReporter -->
<testsuite hostname="JAMOCHA46" failures="0" tests="1" name="test.AssertOptimization.SoftwareDefinitationWithMissingAssociatedProcesses" time="7.809" errors="0" timestamp="2024-01-18T13:19:23 IST" skipped="0">
  <testcase classname="test.AssertOptimization.SoftwareDefinitationWithMissingAssociatedProcesses" name="softwareDefinitationWithMissingNameField" time="7.809"/>
  <system-out/>
</testsuite> <!-- test.AssertOptimization.SoftwareDefinitationWithMissingAssociatedProcesses -->
