<?xml version="1.0" encoding="UTF-8"?>
<!-- Generated by org.testng.reporters.JUnitReportReporter -->
<testsuite hostname="JAMOCHA46" failures="0" tests="1" name="test.UsersLoggedinUsers" time="9.206" errors="0" timestamp="2024-01-03T10:26:36 IST" skipped="0">
  <testcase classname="test.UsersLoggedinUsers" name="usersLicenceReport" time="9.206"/>
  <system-out/>
</testsuite> <!-- test.UsersLoggedinUsers -->
