<?xml version="1.0" encoding="UTF-8"?>
<!-- Generated by org.testng.reporters.JUnitReportReporter -->
<testsuite hostname="JAMOCHA46" failures="0" tests="1" name="test.AssertOptimization.SoftwareDefinitation" time="14.650" errors="0" timestamp="2024-01-18T16:27:03 IST" skipped="0">
  <testcase classname="test.AssertOptimization.SoftwareDefinitation" name="softwareDefinitation" time="14.650"/>
  <system-out/>
</testsuite> <!-- test.AssertOptimization.SoftwareDefinitation -->
