<?xml version="1.0" encoding="UTF-8"?>
<!-- Generated by org.testng.reporters.JUnitReportReporter -->
<testsuite hostname="JAMOCHA46" failures="0" tests="1" name="test.UserDomain.UserDomainPDFValidation" time="10.356" errors="0" timestamp="2024-01-30T14:46:43 IST" skipped="0">
  <testcase classname="test.UserDomain.UserDomainPDFValidation" name="pdf" time="10.356"/>
  <system-out/>
</testsuite> <!-- test.UserDomain.UserDomainPDFValidation -->
