<?xml version="1.0" encoding="UTF-8"?>
<!-- Generated by org.testng.reporters.JUnitReportReporter -->
<testsuite hostname="JAMOCHA46" failures="0" tests="1" name="test.WorkProfileValidateWithTeams" time="5.053" errors="0" timestamp="2023-12-05T09:57:44 IST" skipped="0">
  <testcase classname="test.WorkProfileValidateWithTeams" name="cloneOnWorkProfiles" time="5.053"/>
  <system-out/>
</testsuite> <!-- test.WorkProfileValidateWithTeams -->
