<?xml version="1.0" encoding="UTF-8"?>
<!-- Generated by org.testng.reporters.JUnitReportReporter -->
<testsuite hostname="JAMOCHA30" failures="0" tests="1" name="test.UserDomainDeleteFunction" time="12.463" errors="0" timestamp="2024-01-04T17:41:43 IST" skipped="0">
  <testcase classname="test.UserDomainDeleteFunction" name="deleteNewFunction" time="12.463"/>
  <system-out/>
</testsuite> <!-- test.UserDomainDeleteFunction -->
