<?xml version="1.0" encoding="UTF-8"?>
<!-- Generated by org.testng.reporters.JUnitReportReporter -->
<testsuite hostname="JAMOCHA46" failures="0" tests="1" name="UserRoles.UserRolesAddNewMemberDelete" time="21.915" errors="0" timestamp="2024-01-30T14:46:43 IST" skipped="0">
  <testcase classname="UserRoles.UserRolesAddNewMemberDelete" name="userRolesAddNewMemberDelete" time="21.915"/>
  <system-out/>
</testsuite> <!-- UserRoles.UserRolesAddNewMemberDelete -->
