<?xml version="1.0" encoding="UTF-8"?>
<!-- Generated by org.testng.reporters.JUnitReportReporter -->
<testsuite hostname="JAMOCHA30" failures="0" tests="1" name="UserRoles.UserRolesBulkUpdate" time="36.150" errors="0" timestamp="2024-01-22T10:41:11 IST" skipped="0">
  <testcase classname="UserRoles.UserRolesBulkUpdate" name="userRolesBulkUpdate" time="36.150"/>
  <system-out/>
</testsuite> <!-- UserRoles.UserRolesBulkUpdate -->
