<?xml version="1.0" encoding="UTF-8"?>
<!-- Generated by org.testng.reporters.JUnitReportReporter -->
<testsuite hostname="JAMOCHA46" failures="0" tests="2" name="test.AssertOptimization.WorkStationPdfExport" time="11.015" errors="0" timestamp="2024-01-30T14:59:56 IST" skipped="1">
  <testcase classname="test.AssertOptimization.WorkStationPdfExport" name="workStationGroups" time="10.272"/>
  <system-out/>
  <testcase classname="test.AssertOptimization.WorkStationPdfExport" name="workStationGroups" time="0.743">
    <skipped/>
  </testcase> <!-- workStationGroups -->
  <system-out/>
</testsuite> <!-- test.AssertOptimization.WorkStationPdfExport -->
