<?xml version="1.0" encoding="UTF-8"?>
<!-- Generated by org.testng.reporters.JUnitReportReporter -->
<testsuite hostname="JAMOCHA30" failures="0" tests="1" name="test.UserDomainSortingFuncton" time="13.622" errors="0" timestamp="2024-01-04T17:41:43 IST" skipped="0">
  <testcase classname="test.UserDomainSortingFuncton" name="sortingFunction" time="13.622"/>
  <system-out/>
</testsuite> <!-- test.UserDomainSortingFuncton -->
