<?xml version="1.0" encoding="UTF-8"?>
<!-- Generated by org.testng.reporters.JUnitReportReporter -->
<testsuite hostname="JAMOCHA46" failures="0" tests="1" name="test.WorkProfileForAddingNew" time="7.868" errors="0" timestamp="2023-12-05T10:06:47 IST" skipped="0">
  <testcase classname="test.WorkProfileForAddingNew" name="AddingNewWorkProfiles" time="7.868"/>
  <system-out/>
</testsuite> <!-- test.WorkProfileForAddingNew -->
