<?xml version="1.0" encoding="UTF-8"?>
<!-- Generated by org.testng.reporters.JUnitReportReporter -->
<testsuite hostname="JAMOCHA30" failures="0" tests="3" name="test.AOSModifyFunction" time="49.464" errors="0" timestamp="2023-12-15T15:10:06 IST" skipped="2">
  <testcase classname="test.AOSModifyFunction" name="a0sModifyFunction" time="16.677"/>
  <system-out/>
  <testcase classname="test.AOSModifyFunction" name="a0sModifyFunction" time="16.491">
    <skipped/>
  </testcase> <!-- a0sModifyFunction -->
  <system-out/>
  <testcase classname="test.AOSModifyFunction" name="a0sModifyFunction" time="16.296">
    <skipped/>
  </testcase> <!-- a0sModifyFunction -->
  <system-out/>
</testsuite> <!-- test.AOSModifyFunction -->
