<?xml version="1.0" encoding="UTF-8"?>
<!-- Generated by org.testng.reporters.JUnitReportReporter -->
<testsuite hostname="JAMOCHA46" failures="0" tests="1" name="test.AOS.AOSAddNew" time="14.507" errors="0" timestamp="2024-01-30T14:46:43 IST" skipped="0">
  <testcase classname="test.AOS.AOSAddNew" name="addNewFunction" time="14.507"/>
  <system-out/>
</testsuite> <!-- test.AOS.AOSAddNew -->
