<?xml version="1.0" encoding="UTF-8"?>
<!-- Generated by org.testng.reporters.JUnitReportReporter -->
<testsuite hostname="JAMOCHA30" failures="0" tests="2" name="UserRoles.UserRolesModifyManagerDontAllowUserToExportDataPDF2" time="52.962" errors="0" timestamp="2024-01-30T11:38:00 IST" skipped="1">
  <testcase classname="UserRoles.UserRolesModifyManagerDontAllowUserToExportDataPDF2" name="userRolesModifyManagerDontAllowUserToExportDataPDF2" time="22.721"/>
  <system-out/>
  <testcase classname="UserRoles.UserRolesModifyManagerDontAllowUserToExportDataPDF2" name="userRolesModifyManagerDontAllowUserToExportDataPDF2" time="30.241">
    <skipped/>
  </testcase> <!-- userRolesModifyManagerDontAllowUserToExportDataPDF2 -->
  <system-out/>
</testsuite> <!-- UserRoles.UserRolesModifyManagerDontAllowUserToExportDataPDF2 -->
