<?xml version="1.0" encoding="UTF-8"?>
<!-- Generated by org.testng.reporters.JUnitReportReporter -->
<testsuite hostname="JAMOCHA30" failures="0" tests="1" name="test.EnableDiasbleChkInCud" time="14.335" errors="0" timestamp="2023-11-23T12:56:22 IST" skipped="0">
  <testcase classname="test.EnableDiasbleChkInCud" name="enableDiasbleChkInCud" time="14.335"/>
  <system-out/>
</testsuite> <!-- test.EnableDiasbleChkInCud -->
