<?xml version="1.0" encoding="UTF-8"?>
<!-- Generated by org.testng.reporters.JUnitReportReporter -->
<testsuite hostname="JAMOCHA30" failures="0" tests="1" name="test.AOS.AOSAddNew" time="17.913" errors="0" timestamp="2024-01-22T10:35:04 IST" skipped="0">
  <testcase classname="test.AOS.AOSAddNew" name="addNewFunction" time="17.913"/>
  <system-out/>
</testsuite> <!-- test.AOS.AOSAddNew -->
