<?xml version="1.0" encoding="UTF-8"?>
<!-- Generated by org.testng.reporters.JUnitReportReporter -->
<testsuite hostname="JAMOCHA46" failures="0" tests="1" name="test.AssertOptimization.SoftwareDefinitationForSoftwareTagsClear" time="7.216" errors="0" timestamp="2024-01-30T14:59:56 IST" skipped="0">
  <testcase classname="test.AssertOptimization.SoftwareDefinitationForSoftwareTagsClear" name="softwareDefinitationForSoftwareTagsCURD" time="7.216"/>
  <system-out/>
</testsuite> <!-- test.AssertOptimization.SoftwareDefinitationForSoftwareTagsClear -->
