<?xml version="1.0" encoding="UTF-8"?>
<!-- Generated by org.testng.reporters.JUnitReportReporter -->
<testsuite hostname="JAMOCHA46" failures="0" tests="1" name="test.UsersLoggedinUsersByOperatingSystem" time="8.019" errors="0" timestamp="2024-01-09T16:12:24 IST" skipped="0">
  <testcase classname="test.UsersLoggedinUsersByOperatingSystem" name="usersLoggedinUsersByOperatingSystem" time="8.019"/>
  <system-out/>
</testsuite> <!-- test.UsersLoggedinUsersByOperatingSystem -->
