<?xml version="1.0" encoding="UTF-8"?>
<!-- Generated by org.testng.reporters.JUnitReportReporter -->
<testsuite hostname="JAMOCHA30" failures="0" tests="3" name="test.AOS.AOSModifyFunction" time="40.456" errors="0" timestamp="2024-01-09T12:21:39 IST" skipped="2">
  <testcase classname="test.AOS.AOSModifyFunction" name="a0sModifyFunction" time="4.434">
    <skipped/>
  </testcase> <!-- a0sModifyFunction -->
  <system-out/>
  <testcase classname="test.AOS.AOSModifyFunction" name="a0sModifyFunction" time="18.222"/>
  <system-out/>
  <testcase classname="test.AOS.AOSModifyFunction" name="a0sModifyFunction" time="17.800">
    <skipped/>
  </testcase> <!-- a0sModifyFunction -->
  <system-out/>
</testsuite> <!-- test.AOS.AOSModifyFunction -->
