<?xml version="1.0" encoding="UTF-8"?>
<!-- Generated by org.testng.reporters.JUnitReportReporter -->
<testsuite hostname="JAMOCHA30" failures="0" tests="1" name="test.UserDomain.UserDomainDeleteFunction" time="13.086" errors="0" timestamp="2024-01-22T10:14:06 IST" skipped="0">
  <testcase classname="test.UserDomain.UserDomainDeleteFunction" name="deleteNewFunction" time="13.086"/>
  <system-out/>
</testsuite> <!-- test.UserDomain.UserDomainDeleteFunction -->
