<?xml version="1.0" encoding="UTF-8"?>
<!-- Generated by org.testng.reporters.JUnitReportReporter -->
<testsuite hostname="JAMOCHA30" failures="0" tests="2" name="test.AOS.AOSUnknownApplicationAddingtoExistingProcessName" time="13.937" errors="0" timestamp="2024-01-09T12:21:39 IST" skipped="1">
  <testcase classname="test.AOS.AOSUnknownApplicationAddingtoExistingProcessName" name="aosUnknownApplicationAddingtoExistingProcessName" time="9.435"/>
  <system-out/>
  <testcase classname="test.AOS.AOSUnknownApplicationAddingtoExistingProcessName" name="aosUnknownApplicationAddingtoExistingProcessName" time="4.502">
    <skipped/>
  </testcase> <!-- aosUnknownApplicationAddingtoExistingProcessName -->
  <system-out/>
</testsuite> <!-- test.AOS.AOSUnknownApplicationAddingtoExistingProcessName -->
