<?xml version="1.0" encoding="UTF-8"?>
<!-- Generated by org.testng.reporters.JUnitReportReporter -->
<testsuite hostname="JAMOCHA30" failures="0" tests="2" name="UserRoles.UserRolesModifyManagerExportDataPermissionNotAllowUserToDemandOnMail" time="42.917" errors="0" timestamp="2024-01-30T11:38:00 IST" skipped="1">
  <testcase classname="UserRoles.UserRolesModifyManagerExportDataPermissionNotAllowUserToDemandOnMail" name="userRolesModifyManagerExportDataPermissionNotAllowUserToDemandOnMail" time="25.275">
    <skipped/>
  </testcase> <!-- userRolesModifyManagerExportDataPermissionNotAllowUserToDemandOnMail -->
  <system-out/>
  <testcase classname="UserRoles.UserRolesModifyManagerExportDataPermissionNotAllowUserToDemandOnMail" name="userRolesModifyManagerExportDataPermissionNotAllowUserToDemandOnMail" time="17.642"/>
  <system-out/>
</testsuite> <!-- UserRoles.UserRolesModifyManagerExportDataPermissionNotAllowUserToDemandOnMail -->
