<?xml version="1.0" encoding="UTF-8"?>
<!-- Generated by org.testng.reporters.JUnitReportReporter -->
<testsuite hostname="JAMOCHA46" failures="0" tests="1" name="test.UsersLoggedinUsersByHeartbeat" time="8.861" errors="0" timestamp="2024-01-09T10:17:49 IST" skipped="0">
  <testcase classname="test.UsersLoggedinUsersByHeartbeat" name="usersLoggedinUsersByHeartbeat" time="8.861"/>
  <system-out/>
</testsuite> <!-- test.UsersLoggedinUsersByHeartbeat -->
