<?xml version="1.0" encoding="UTF-8"?>
<!-- Generated by org.testng.reporters.JUnitReportReporter -->
<testsuite hostname="JAMOCHA30" failures="0" tests="1" name="test.AOS.AOSBulkUpload" time="31.408" errors="0" timestamp="2024-01-30T11:38:00 IST" skipped="0">
  <testcase classname="test.AOS.AOSBulkUpload" name="aosBulkUpload" time="31.408"/>
  <system-out/>
</testsuite> <!-- test.AOS.AOSBulkUpload -->
