<?xml version="1.0" encoding="UTF-8"?>
<!-- Generated by org.testng.reporters.JUnitReportReporter -->
<testsuite hostname="JAMOCHA30" failures="0" tests="2" name="test.AOS.AOSUnknownApplicationAddingtoCreateNewProcessName" time="10.618" errors="0" timestamp="2024-01-22T10:35:04 IST" skipped="1">
  <testcase classname="test.AOS.AOSUnknownApplicationAddingtoCreateNewProcessName" name="aosUnknownApplicationAddingtoCreateNewProcessName" time="9.260"/>
  <system-out/>
  <testcase classname="test.AOS.AOSUnknownApplicationAddingtoCreateNewProcessName" name="aosUnknownApplicationAddingtoCreateNewProcessName" time="1.358">
    <skipped/>
  </testcase> <!-- aosUnknownApplicationAddingtoCreateNewProcessName -->
  <system-out/>
</testsuite> <!-- test.AOS.AOSUnknownApplicationAddingtoCreateNewProcessName -->
