<?xml version="1.0" encoding="UTF-8"?>
<!-- Generated by org.testng.reporters.JUnitReportReporter -->
<testsuite hostname="JAMOCHA46" failures="0" tests="1" name="test.Users.UsersModify" time="8.558" errors="0" timestamp="2024-01-29T10:09:11 IST" skipped="0">
  <testcase classname="test.Users.UsersModify" name="usersmodify" time="8.558"/>
  <system-out/>
</testsuite> <!-- test.Users.UsersModify -->
