<?xml version="1.0" encoding="UTF-8"?>
<!-- Generated by org.testng.reporters.JUnitReportReporter -->
<testsuite hostname="JAMOCHA46" failures="0" tests="1" name="test.UserDomain.UserDomainModify" time="10.540" errors="0" timestamp="2024-01-30T14:46:43 IST" skipped="0">
  <testcase classname="test.UserDomain.UserDomainModify" name="modifyFunction" time="10.540"/>
  <system-out/>
</testsuite> <!-- test.UserDomain.UserDomainModify -->
