<?xml version="1.0" encoding="UTF-8"?>
<!-- Generated by org.testng.reporters.JUnitReportReporter -->
<testsuite hostname="JAMOCHA30" failures="0" tests="2" name="test.WorkProfileForModification" time="73.598" errors="0" timestamp="2024-01-04T17:41:43 IST" skipped="1">
  <testcase classname="test.WorkProfileForModification" name="modificationOnWorkProfiles" time="66.246">
    <skipped/>
  </testcase> <!-- modificationOnWorkProfiles -->
  <system-out/>
  <testcase classname="test.WorkProfileForModification" name="modificationOnWorkProfiles" time="7.352"/>
  <system-out/>
</testsuite> <!-- test.WorkProfileForModification -->
