<?xml version="1.0" encoding="UTF-8"?>
<!-- Generated by org.testng.reporters.JUnitReportReporter -->
<testsuite hostname="JAMOCHA30" failures="0" tests="1" name="test.AOSAddNew" time="16.776" errors="0" timestamp="2023-12-15T15:10:06 IST" skipped="0">
  <testcase classname="test.AOSAddNew" name="addNewFunction" time="16.776"/>
  <system-out/>
</testsuite> <!-- test.AOSAddNew -->
