<?xml version="1.0" encoding="UTF-8"?>
<!-- Generated by org.testng.reporters.JUnitReportReporter -->
<testsuite hostname="JAMOCHA46" failures="0" tests="1" name="test.AOS.AOSBulkUploadDelete" time="19.975" errors="0" timestamp="2024-01-30T14:46:43 IST" skipped="0">
  <testcase classname="test.AOS.AOSBulkUploadDelete" name="aosBulkUploadDelete" time="19.975"/>
  <system-out/>
</testsuite> <!-- test.AOS.AOSBulkUploadDelete -->
