<?xml version="1.0" encoding="UTF-8"?>
<!-- Generated by org.testng.reporters.JUnitReportReporter -->
<testsuite hostname="JAMOCHA46" failures="0" tests="1" name="test.BusinessHierarchy.BusinessHierarchCRUD" time="9.147" errors="0" timestamp="2024-01-29T11:02:11 IST" skipped="0">
  <testcase classname="test.BusinessHierarchy.BusinessHierarchCRUD" name="businessHierarchCRUD" time="9.147"/>
  <system-out/>
</testsuite> <!-- test.BusinessHierarchy.BusinessHierarchCRUD -->
