<?xml version="1.0" encoding="UTF-8"?>
<!-- Generated by org.testng.reporters.JUnitReportReporter -->
<testsuite hostname="JAMOCHA30" failures="0" tests="1" name="test.AOS.AOSBulkUploadModify" time="21.070" errors="0" timestamp="2024-01-22T10:35:03 IST" skipped="0">
  <testcase classname="test.AOS.AOSBulkUploadModify" name="aosBulkUploadModify" time="21.070"/>
  <system-out/>
</testsuite> <!-- test.AOS.AOSBulkUploadModify -->
