<?xml version="1.0" encoding="UTF-8"?>
<!-- Generated by org.testng.reporters.JUnitReportReporter -->
<testsuite hostname="JAMOCHA30" failures="0" tests="1" name="test.AOSUnknownApplicationAddingtoExisting" time="21.483" errors="0" timestamp="2023-12-15T15:10:06 IST" skipped="0">
  <testcase classname="test.AOSUnknownApplicationAddingtoExisting" name="aosUnknownApplicationAddingtoExisting" time="21.483"/>
  <system-out/>
</testsuite> <!-- test.AOSUnknownApplicationAddingtoExisting -->
