<?xml version="1.0" encoding="UTF-8"?>
<!-- Generated by org.testng.reporters.JUnitReportReporter -->
<testsuite hostname="JAMOCHA46" failures="0" tests="1" name="test.BusinessHierarchy.HierarchyMappingBulkUploadForModifyConsoleId" time="20.042" errors="0" timestamp="2024-01-29T13:28:07 IST" skipped="0">
  <testcase classname="test.BusinessHierarchy.HierarchyMappingBulkUploadForModifyConsoleId" name="hierarchyMappingBulkUploadCURD" time="20.042"/>
  <system-out/>
</testsuite> <!-- test.BusinessHierarchy.HierarchyMappingBulkUploadForModifyConsoleId -->
