<?xml version="1.0" encoding="UTF-8"?>
<!-- Generated by org.testng.reporters.JUnitReportReporter -->
<testsuite hostname="JAMOCHA46" failures="0" tests="1" name="test.WorkProfilesDeleteWithDependency" time="8.414" errors="0" timestamp="2023-12-05T10:02:10 IST" skipped="0">
  <testcase classname="test.WorkProfilesDeleteWithDependency" name="cloneOnWorkProfiles" time="8.414"/>
  <system-out/>
</testsuite> <!-- test.WorkProfilesDeleteWithDependency -->
