<?xml version="1.0" encoding="UTF-8"?>
<!-- Generated by org.testng.reporters.JUnitReportReporter -->
<testsuite hostname="JAMOCHA46" failures="0" tests="1" name="users.UswrBulkUploadForActiveUsers" time="12.980" errors="0" timestamp="2024-01-04T18:16:02 IST" skipped="0">
  <testcase classname="users.UswrBulkUploadForActiveUsers" name="userBulkUploadForActiveUsers" time="12.980"/>
  <system-out/>
</testsuite> <!-- users.UswrBulkUploadForActiveUsers -->
