<?xml version="1.0" encoding="UTF-8"?>
<!-- Generated by org.testng.reporters.JUnitReportReporter -->
<testsuite hostname="JAMOCHA46" failures="0" tests="1" name="test.AssertOptimization.WorkStationGroups" time="17.818" errors="0" timestamp="2024-01-17T17:50:47 IST" skipped="0">
  <testcase classname="test.AssertOptimization.WorkStationGroups" name="workStationGroups" time="17.818"/>
  <system-out/>
</testsuite> <!-- test.AssertOptimization.WorkStationGroups -->
