<?xml version="1.0" encoding="UTF-8"?>
<!-- Generated by org.testng.reporters.JUnitReportReporter -->
<testsuite hostname="JAMOCHA46" failures="0" tests="1" name="users.UsersDefineTenureRangeAdd" time="6.075" errors="0" timestamp="2023-12-27T13:34:30 IST" skipped="0">
  <testcase classname="users.UsersDefineTenureRangeAdd" name="defineTenureRageAdd" time="6.075"/>
  <system-out/>
</testsuite> <!-- users.UsersDefineTenureRangeAdd -->
