<?xml version="1.0" encoding="UTF-8"?>
<!-- Generated by org.testng.reporters.JUnitReportReporter -->
<testsuite hostname="JAMOCHA46" failures="0" tests="1" name="test.AssertOptimization.SoftwareDefinitationForSoftwareTags" time="11.210" errors="0" timestamp="2024-01-18T12:05:52 IST" skipped="0">
  <testcase classname="test.AssertOptimization.SoftwareDefinitationForSoftwareTags" name="softwareDefinitation" time="11.210"/>
  <system-out/>
</testsuite> <!-- test.AssertOptimization.SoftwareDefinitationForSoftwareTags -->
