<?xml version="1.0" encoding="UTF-8"?>
<!-- Generated by org.testng.reporters.JUnitReportReporter -->
<testsuite hostname="JAMOCHA30" failures="0" tests="2" name="test.AOSAddNew" time="33.051" errors="0" timestamp="2023-12-18T12:58:52 IST" skipped="1">
  <testcase classname="test.AOSAddNew" name="addNewFunction" time="16.546"/>
  <system-out/>
  <testcase classname="test.AOSAddNew" name="addNewFunction" time="16.505">
    <skipped/>
  </testcase> <!-- addNewFunction -->
  <system-out/>
</testsuite> <!-- test.AOSAddNew -->
