<?xml version="1.0" encoding="UTF-8"?>
<!-- Generated by org.testng.reporters.JUnitReportReporter -->
<testsuite hostname="JAMOCHA30" failures="0" tests="1" name="test.WorkProfilesForClone" time="7.778" errors="0" timestamp="2023-12-18T12:58:52 IST" skipped="0">
  <testcase classname="test.WorkProfilesForClone" name="cloneOnWorkProfiles" time="7.778"/>
  <system-out/>
</testsuite> <!-- test.WorkProfilesForClone -->
