<?xml version="1.0" encoding="UTF-8"?>
<!-- Generated by org.testng.reporters.JUnitReportReporter -->
<testsuite hostname="JAMOCHA30" failures="0" tests="2" name="UserRoles.UserRolesModifyManagerDefineNewActivity" time="59.202" errors="0" timestamp="2024-01-30T11:37:59 IST" skipped="1">
  <testcase classname="UserRoles.UserRolesModifyManagerDefineNewActivity" name="userRolesModifyManagerDefineNewActivity" time="25.983"/>
  <system-out/>
  <testcase classname="UserRoles.UserRolesModifyManagerDefineNewActivity" name="userRolesModifyManagerDefineNewActivity" time="33.219">
    <skipped/>
  </testcase> <!-- userRolesModifyManagerDefineNewActivity -->
  <system-out/>
</testsuite> <!-- UserRoles.UserRolesModifyManagerDefineNewActivity -->
