<?xml version="1.0" encoding="UTF-8"?>
<!-- Generated by org.testng.reporters.JUnitReportReporter -->
<testsuite hostname="JAMOCHA30" failures="0" tests="3" name="test.AOS.AOSAddNew" time="53.532" errors="0" timestamp="2024-01-30T11:38:00 IST" skipped="2">
  <testcase classname="test.AOS.AOSAddNew" name="addNewFunction" time="18.350">
    <skipped/>
  </testcase> <!-- addNewFunction -->
  <system-out/>
  <testcase classname="test.AOS.AOSAddNew" name="addNewFunction" time="17.270"/>
  <system-out/>
  <testcase classname="test.AOS.AOSAddNew" name="addNewFunction" time="17.912">
    <skipped/>
  </testcase> <!-- addNewFunction -->
  <system-out/>
</testsuite> <!-- test.AOS.AOSAddNew -->
