<?xml version="1.0" encoding="UTF-8"?>
<!-- Generated by org.testng.reporters.JUnitReportReporter -->
<testsuite hostname="JAMOCHA30" failures="0" tests="3" name="test.AOS.AOSModifyFunction" time="52.921" errors="0" timestamp="2024-01-22T10:35:03 IST" skipped="2">
  <testcase classname="test.AOS.AOSModifyFunction" name="a0sModifyFunction" time="16.944">
    <skipped/>
  </testcase> <!-- a0sModifyFunction -->
  <system-out/>
  <testcase classname="test.AOS.AOSModifyFunction" name="a0sModifyFunction" time="18.319">
    <skipped/>
  </testcase> <!-- a0sModifyFunction -->
  <system-out/>
  <testcase classname="test.AOS.AOSModifyFunction" name="a0sModifyFunction" time="17.658"/>
  <system-out/>
</testsuite> <!-- test.AOS.AOSModifyFunction -->
