<?xml version="1.0" encoding="UTF-8"?>
<!-- Generated by org.testng.reporters.JUnitReportReporter -->
<testsuite hostname="JAMOCHA46" failures="0" tests="1" name="test.WorkProfile.WorkProfilesDeleteWithDependency" time="8.097" errors="0" timestamp="2024-01-30T14:46:43 IST" skipped="0">
  <testcase classname="test.WorkProfile.WorkProfilesDeleteWithDependency" name="cloneOnWorkProfiles" time="8.097"/>
  <system-out/>
</testsuite> <!-- test.WorkProfile.WorkProfilesDeleteWithDependency -->
