<?xml version="1.0" encoding="UTF-8"?>
<!-- Generated by org.testng.reporters.JUnitReportReporter -->
<testsuite hostname="JAMOCHA46" failures="0" tests="1" name="test.WorkProfilePDFValidation" time="9.161" errors="0" timestamp="2023-12-01T16:09:42 IST" skipped="0">
  <testcase classname="test.WorkProfilePDFValidation" name="cloneOnWorkProfiles" time="9.161"/>
  <system-out/>
</testsuite> <!-- test.WorkProfilePDFValidation -->
