<?xml version="1.0" encoding="UTF-8"?>
<!-- Generated by org.testng.reporters.JUnitReportReporter -->
<testsuite hostname="JAMOCHA46" failures="0" tests="1" name="test.AssertOptimization.SoftwaredefinitionActivityTagEnableAndDisable" time="9.570" errors="0" timestamp="2024-01-22T09:45:44 IST" skipped="0">
  <testcase classname="test.AssertOptimization.SoftwaredefinitionActivityTagEnableAndDisable" name="softwareDefinitationForSoftwareTagsCURD" time="9.570"/>
  <system-out/>
</testsuite> <!-- test.AssertOptimization.SoftwaredefinitionActivityTagEnableAndDisable -->
